Beginning FLEXPART v10.4 array job
Array job 4 of OSCA campaign in 2019
Sleeping
201910221800 201911011800
Get name and extract information
201911011800
201910221800
Create necessary directories and copy files over
flex_201911011800
CHECK HERE
20191022 180000
20191101 180000
Load ecCodes and run FLEXPART job

The following have been reloaded with a version change:
  1) compiler/GCCcore/11.3.0 => compiler/GCCcore/7.3.0
  2) lib/zlib/1.2.12-GCCcore-11.3.0 => lib/zlib/1.2.11-GCCcore-7.3.0
  3) system/libpciaccess/0.16-GCCcore-11.3.0 => system/libpciaccess/0.14-GCCcore-7.3.0

 Welcome to FLEXPART Version 10.4 (2019-11-12)
 FLEXPART is free software released under the GNU General Public License.
              ----------------               
  INFORMATION: SUBGRIDSCALE TERRAIN EFFECT IS
  NOT PARAMETERIZED DURING THIS SIMULATION.  
              ----------------               
 FLEXPART WARNING: TIME DIFFERENCE BETWEEN TWO
 WIND FIELDS IS BIG. THIS MAY CAUSE A DEGRADATION
 OF SIMULATION QUALITY.
 NCEP metdata detected


Vertical levels in NCEP data:      31     31

Mother domain:
  Longitude range:    -179.00     181.00   Grid distance:       0.50
  Latitude range :     -90.00      90.00   Grid distance:       0.50

 Releasepoints :            1
  
 SPECIES:  24  AIRTRACER   (GAS) 
   Wet removal for gases      is turned: OFF 
   Dry deposition for gases   is turned: OFF 
   Below-cloud scavenging: OFF
   In-cloud scavenging: OFF
 Particles allocated (maxpart)  :       100000
 Particles released (numpartmax):         1001
 Total mass released: 1.0000000E+00
 Allocating fields for global output (x,y):          360         180
 Allocating fields for nested output (x,y):            0           0
 Concentrations are calculated using kernel
 Simulated     0.0 hours (            0 s),             0 particles
          31          31 mjr583
 Global NCEP fields: using cloud water
          31          31 mjr583
 Global NCEP fields: using cloud water
       -10800 Seconds simulated:          1001 Particles:    Uncertainty:   0.000  0.000  0.000
          31          31 mjr583
 Global NCEP fields: using cloud water
       -21600 Seconds simulated:          1001 Particles:    Uncertainty:   0.000  0.000  0.000
       -32400 Seconds simulated:          1001 Particles:    Uncertainty:   0.000  0.000  0.000
          31          31 mjr583
 Global NCEP fields: using cloud water
       -43200 Seconds simulated:          1001 Particles:    Uncertainty:   0.000  0.000  0.000
       -54000 Seconds simulated:          1001 Particles:    Uncertainty:   0.000  0.000  0.000
          31          31 mjr583
 Global NCEP fields: using cloud water
       -64800 Seconds simulated:          1001 Particles:    Uncertainty:   0.000  0.000  0.000
       -75600 Seconds simulated:          1001 Particles:    Uncertainty:   0.000  0.000  0.000
          31          31 mjr583
 Global NCEP fields: using cloud water
       -86400 Seconds simulated:          1001 Particles:    Uncertainty:   0.000  0.000  0.000
       -97200 Seconds simulated:          1001 Particles:    Uncertainty:   0.000  0.000  0.000
          31          31 mjr583
 Global NCEP fields: using cloud water
      -108000 Seconds simulated:          1001 Particles:    Uncertainty:   0.000  0.000  0.000
      -118800 Seconds simulated:          1001 Particles:    Uncertainty:   0.000  0.000  0.000
          31          31 mjr583
 Global NCEP fields: using cloud water
      -129600 Seconds simulated:          1001 Particles:    Uncertainty:   0.000  0.000  0.000
      -140400 Seconds simulated:          1001 Particles:    Uncertainty:   0.000  0.000  0.000
          31          31 mjr583
 Global NCEP fields: using cloud water
      -151200 Seconds simulated:          1001 Particles:    Uncertainty:   0.000  0.000  0.000
      -162000 Seconds simulated:          1001 Particles:    Uncertainty:   0.000  0.000  0.000
          31          31 mjr583
 Global NCEP fields: using cloud water
      -172800 Seconds simulated:          1001 Particles:    Uncertainty:   0.000  0.000  0.000
      -183600 Seconds simulated:          1001 Particles:    Uncertainty:   0.000  0.000  0.000
          31          31 mjr583
 Global NCEP fields: using cloud water
      -194400 Seconds simulated:          1001 Particles:    Uncertainty:   0.000  0.000  0.000
      -205200 Seconds simulated:          1001 Particles:    Uncertainty:   0.000  0.000  0.000
          31          31 mjr583
 Global NCEP fields: using cloud water
      -216000 Seconds simulated:          1001 Particles:    Uncertainty:   0.000  0.000  0.000
      -226800 Seconds simulated:          1001 Particles:    Uncertainty:   0.000  0.000  0.000
          31          31 mjr583
 Global NCEP fields: using cloud water
      -237600 Seconds simulated:          1001 Particles:    Uncertainty:   0.000  0.000  0.000
      -248400 Seconds simulated:          1001 Particles:    Uncertainty:   0.000  0.000  0.000
          31          31 mjr583
 Global NCEP fields: using cloud water
      -259200 Seconds simulated:          1001 Particles:    Uncertainty:   0.000  0.000  0.000
      -270000 Seconds simulated:          1001 Particles:    Uncertainty:   0.000  0.000  0.000
          31          31 mjr583
 Global NCEP fields: using cloud water
      -280800 Seconds simulated:          1001 Particles:    Uncertainty:   0.000  0.000  0.000
      -291600 Seconds simulated:          1001 Particles:    Uncertainty:   0.000  0.000  0.000
          31          31 mjr583
 Global NCEP fields: using cloud water
      -302400 Seconds simulated:          1001 Particles:    Uncertainty:   0.000  0.000  0.000
      -313200 Seconds simulated:          1001 Particles:    Uncertainty:   0.000  0.000  0.000
          31          31 mjr583
 Global NCEP fields: using cloud water
      -324000 Seconds simulated:          1001 Particles:    Uncertainty:   0.000  0.000  0.000
      -334800 Seconds simulated:          1001 Particles:    Uncertainty:   0.000  0.000  0.000
          31          31 mjr583
 Global NCEP fields: using cloud water
      -345600 Seconds simulated:          1001 Particles:    Uncertainty:   0.000  0.000  0.000
      -356400 Seconds simulated:          1001 Particles:    Uncertainty:   0.000  0.000  0.000
          31          31 mjr583
 Global NCEP fields: using cloud water
      -367200 Seconds simulated:          1001 Particles:    Uncertainty:   0.000  0.000  0.000
      -378000 Seconds simulated:          1001 Particles:    Uncertainty:   0.000  0.000  0.000
          31          31 mjr583
 Global NCEP fields: using cloud water
      -388800 Seconds simulated:          1001 Particles:    Uncertainty:   0.000  0.000  0.000
      -399600 Seconds simulated:          1001 Particles:    Uncertainty:   0.000  0.000  0.000
          31          31 mjr583
 Global NCEP fields: using cloud water
      -410400 Seconds simulated:          1001 Particles:    Uncertainty:   0.000  0.000  0.000
      -421200 Seconds simulated:          1001 Particles:    Uncertainty:   0.000  0.000  0.000
          31          31 mjr583
 Global NCEP fields: using cloud water
      -432000 Seconds simulated:          1001 Particles:    Uncertainty:   0.000  0.000  0.000
      -442800 Seconds simulated:          1001 Particles:    Uncertainty:   0.000  0.000  0.000
          31          31 mjr583
 Global NCEP fields: using cloud water
      -453600 Seconds simulated:          1001 Particles:    Uncertainty:   0.000  0.000  0.000
      -464400 Seconds simulated:          1001 Particles:    Uncertainty:   0.000  0.000  0.000
          31          31 mjr583
 Global NCEP fields: using cloud water
      -475200 Seconds simulated:          1001 Particles:    Uncertainty:   0.000  0.000  0.000
      -486000 Seconds simulated:          1001 Particles:    Uncertainty:   0.000  0.000  0.000
          31          31 mjr583
 Global NCEP fields: using cloud water
      -496800 Seconds simulated:          1001 Particles:    Uncertainty:   0.000  0.000  0.000
      -507600 Seconds simulated:          1001 Particles:    Uncertainty:   0.000  0.000  0.000
          31          31 mjr583
 Global NCEP fields: using cloud water
      -518400 Seconds simulated:          1001 Particles:    Uncertainty:   0.000  0.000  0.000
      -529200 Seconds simulated:          1001 Particles:    Uncertainty:   0.000  0.000  0.000
          31          31 mjr583
 Global NCEP fields: using cloud water
      -540000 Seconds simulated:          1001 Particles:    Uncertainty:   0.000  0.000  0.000
      -550800 Seconds simulated:          1001 Particles:    Uncertainty:   0.000  0.000  0.000
          31          31 mjr583
 Global NCEP fields: using cloud water
      -561600 Seconds simulated:          1001 Particles:    Uncertainty:   0.000  0.000  0.000
      -572400 Seconds simulated:          1001 Particles:    Uncertainty:   0.000  0.000  0.000
          31          31 mjr583
 Global NCEP fields: using cloud water
      -583200 Seconds simulated:          1001 Particles:    Uncertainty:   0.000  0.000  0.000
      -594000 Seconds simulated:          1001 Particles:    Uncertainty:   0.000  0.000  0.000
          31          31 mjr583
 Global NCEP fields: using cloud water
      -604800 Seconds simulated:          1001 Particles:    Uncertainty:   0.000  0.000  0.000
      -615600 Seconds simulated:          1001 Particles:    Uncertainty:   0.000  0.000  0.000
          31          31 mjr583
 Global NCEP fields: using cloud water
      -626400 Seconds simulated:          1001 Particles:    Uncertainty:   0.000  0.000  0.000
      -637200 Seconds simulated:          1001 Particles:    Uncertainty:   0.000  0.000  0.000
          31          31 mjr583
 Global NCEP fields: using cloud water
      -648000 Seconds simulated:          1001 Particles:    Uncertainty:   0.000  0.000  0.000
      -658800 Seconds simulated:          1001 Particles:    Uncertainty:   0.000  0.000  0.000
          31          31 mjr583
 Global NCEP fields: using cloud water
      -669600 Seconds simulated:          1001 Particles:    Uncertainty:   0.000  0.000  0.000
      -680400 Seconds simulated:          1001 Particles:    Uncertainty:   0.000  0.000  0.000
          31          31 mjr583
 Global NCEP fields: using cloud water
      -691200 Seconds simulated:          1001 Particles:    Uncertainty:   0.000  0.000  0.000
      -702000 Seconds simulated:          1001 Particles:    Uncertainty:   0.000  0.000  0.000
          31          31 mjr583
 Global NCEP fields: using cloud water
      -712800 Seconds simulated:          1001 Particles:    Uncertainty:   0.000  0.000  0.000
      -723600 Seconds simulated:          1001 Particles:    Uncertainty:   0.000  0.000  0.000
          31          31 mjr583
 Global NCEP fields: using cloud water
      -734400 Seconds simulated:          1001 Particles:    Uncertainty:   0.000  0.000  0.000
      -745200 Seconds simulated:          1001 Particles:    Uncertainty:   0.000  0.000  0.000
          31          31 mjr583
 Global NCEP fields: using cloud water
      -756000 Seconds simulated:          1001 Particles:    Uncertainty:   0.000  0.000  0.000
      -766800 Seconds simulated:          1001 Particles:    Uncertainty:   0.000  0.000  0.000
          31          31 mjr583
 Global NCEP fields: using cloud water
      -777600 Seconds simulated:          1001 Particles:    Uncertainty:   0.000  0.000  0.000
      -788400 Seconds simulated:          1001 Particles:    Uncertainty:   0.000  0.000  0.000
          31          31 mjr583
 Global NCEP fields: using cloud water
      -799200 Seconds simulated:          1001 Particles:    Uncertainty:   0.000  0.000  0.000
      -810000 Seconds simulated:          1001 Particles:    Uncertainty:   0.000  0.000  0.000
          31          31 mjr583
 Global NCEP fields: using cloud water
      -820800 Seconds simulated:          1001 Particles:    Uncertainty:   0.000  0.000  0.000
      -831600 Seconds simulated:          1001 Particles:    Uncertainty:   0.000  0.000  0.000
          31          31 mjr583
 Global NCEP fields: using cloud water
      -842400 Seconds simulated:          1001 Particles:    Uncertainty:   0.000  0.000  0.000
      -853200 Seconds simulated:          1001 Particles:    Uncertainty:   0.000  0.000  0.000
          31          31 mjr583
 Global NCEP fields: using cloud water
      -864000 Seconds simulated:          1001 Particles:    Uncertainty:   0.000  0.000  0.000
 CONGRATULATIONS: YOU HAVE SUCCESSFULLY COMPLETED A FLEXPART MODEL RUN!
Write all output as netcdfs
[-864000]
[-853200]
[-842400]
[-831600]
[-820800]
[-810000]
[-799200]
[-788400]
[-777600]
[-766800]
[-756000]
[-745200]
[-734400]
[-723600]
[-712800]
[-702000]
[-691200]
[-680400]
[-669600]
[-658800]
[-648000]
[-637200]
[-626400]
[-615600]
[-604800]
[-594000]
[-583200]
[-572400]
[-561600]
[-550800]
[-540000]
[-529200]
[-518400]
[-507600]
[-496800]
[-486000]
[-475200]
[-464400]
[-453600]
[-442800]
[-432000]
[-421200]
[-410400]
[-399600]
[-388800]
[-378000]
[-367200]
[-356400]
[-345600]
[-334800]
[-324000]
[-313200]
[-302400]
[-291600]
[-280800]
[-270000]
[-259200]
[-248400]
[-237600]
[-226800]
[-216000]
[-205200]
[-194400]
[-183600]
[-172800]
[-162000]
[-151200]
[-140400]
[-129600]
[-118800]
[-108000]
[-97200]
[-86400]
[-75600]
[-64800]
[-54000]
[-43200]
[-32400]
[-21600]
[-10800]
all done

============================
 Job utilisation efficiency
============================

Job ID: 21347712
Array Job ID: 21347221_4
Cluster: viking
User/Group: mjr583/clusterusers
State: COMPLETED (exit code 0)
Cores: 1
CPU Utilized: 00:16:36
CPU Efficiency: 97.27% of 00:17:04 core-walltime
Job Wall-clock time: 00:17:04
Memory Utilized: 2.25 GB
Memory Efficiency: 56.21% of 4.00 GB
 Requested wall clock time: 00:25:00
    Actual wall clock time: 00:17:04
Wall clock time efficiency: 68.3%
           Job queued time: 00:08:20
